0 info it worked if it ends with ok
1 verbose cli [ '/usr/bin/nodejs', '/usr/bin/npm', 'install' ]
2 info using npm@3.8.3
3 info using node@v5.10.1
4 silly loadCurrentTree Starting
5 silly install loadCurrentTree
6 silly install readLocalPackageData
7 silly install normalizeTree
8 silly loadCurrentTree Finishing
9 silly loadIdealTree Starting
10 silly install loadIdealTree
11 silly cloneCurrentTree Starting
12 silly install cloneCurrentTreeToIdealTree
13 silly cloneCurrentTree Finishing
14 silly loadShrinkwrap Starting
15 silly install loadShrinkwrap
16 silly loadShrinkwrap Finishing
17 silly loadAllDepsIntoIdealTree Starting
18 silly install loadAllDepsIntoIdealTree
19 silly fetchNamedPackageData bootstrap-sass
20 silly mapToRegistry name bootstrap-sass
21 silly mapToRegistry using default registry
22 silly mapToRegistry registry https://registry.npmjs.org/
23 silly mapToRegistry data Result {
23 silly mapToRegistry   raw: 'bootstrap-sass',
23 silly mapToRegistry   scope: null,
23 silly mapToRegistry   name: 'bootstrap-sass',
23 silly mapToRegistry   rawSpec: '',
23 silly mapToRegistry   spec: 'latest',
23 silly mapToRegistry   type: 'tag' }
24 silly mapToRegistry uri https://registry.npmjs.org/bootstrap-sass
25 verbose request uri https://registry.npmjs.org/bootstrap-sass
26 verbose request no auth needed
27 info attempt registry request try #1 at 7:47:01 AM
28 verbose request id bd79bdfb14f21081
29 verbose etag "76HR6LNMFJJTYIZ8NWISPTICK"
30 http request GET https://registry.npmjs.org/bootstrap-sass
31 http 304 https://registry.npmjs.org/bootstrap-sass
32 verbose headers { date: 'Thu, 02 Jun 2016 07:46:01 GMT',
32 verbose headers   via: '1.1 varnish',
32 verbose headers   'cache-control': 'max-age=300',
32 verbose headers   etag: '"76HR6LNMFJJTYIZ8NWISPTICK"',
32 verbose headers   age: '0',
32 verbose headers   connection: 'keep-alive',
32 verbose headers   'x-served-by': 'cache-itm7426-ITM',
32 verbose headers   'x-cache': 'HIT',
32 verbose headers   'x-cache-hits': '1',
32 verbose headers   'x-timer': 'S1464853561.912872,VS0,VE155',
32 verbose headers   vary: 'Accept-Encoding' }
33 silly get cb [ 304,
33 silly get   { date: 'Thu, 02 Jun 2016 07:46:01 GMT',
33 silly get     via: '1.1 varnish',
33 silly get     'cache-control': 'max-age=300',
33 silly get     etag: '"76HR6LNMFJJTYIZ8NWISPTICK"',
33 silly get     age: '0',
33 silly get     connection: 'keep-alive',
33 silly get     'x-served-by': 'cache-itm7426-ITM',
33 silly get     'x-cache': 'HIT',
33 silly get     'x-cache-hits': '1',
33 silly get     'x-timer': 'S1464853561.912872,VS0,VE155',
33 silly get     vary: 'Accept-Encoding' } ]
34 verbose etag https://registry.npmjs.org/bootstrap-sass from cache
35 verbose get saving bootstrap-sass to /home/vagrant/.npm/registry.npmjs.org/bootstrap-sass/.cache.json
36 verbose correctMkdir /home/vagrant/.npm correctMkdir not in flight; initializing
37 silly fetchPackageMetaData Error: No compatible version found: bootstrap-sass@^4.0.0
37 silly fetchPackageMetaData Valid install targets:
37 silly fetchPackageMetaData 3.3.6, 3.3.5, 3.3.4, 3.3.3, 3.3.2, 3.3.1, 3.3.0, 3.2.0, 3.1.1, 2.3.2
37 silly fetchPackageMetaData
37 silly fetchPackageMetaData     at pickVersionFromRegistryDocument (/usr/lib/node_modules/npm/lib/fetch-package-metadata.js:156:16)
37 silly fetchPackageMetaData     at /usr/lib/node_modules/npm/node_modules/iferr/index.js:13:50
37 silly fetchPackageMetaData     at /usr/lib/node_modules/npm/lib/utils/pulse-till-done.js:19:8
37 silly fetchPackageMetaData     at saved (/usr/lib/node_modules/npm/lib/cache/caching-client.js:168:7)
37 silly fetchPackageMetaData     at /usr/lib/node_modules/npm/node_modules/graceful-fs/polyfills.js:210:7
37 silly fetchPackageMetaData     at FSReqWrap.oncomplete (fs.js:82:15)
37 silly fetchPackageMetaData  error for bootstrap-sass@^4.0.0 [Error: No compatible version found: bootstrap-sass@^4.0.0
37 silly fetchPackageMetaData Valid install targets:
37 silly fetchPackageMetaData 3.3.6, 3.3.5, 3.3.4, 3.3.3, 3.3.2, 3.3.1, 3.3.0, 3.2.0, 3.1.1, 2.3.2
37 silly fetchPackageMetaData ]
38 silly rollbackFailedOptional Starting
39 silly rollbackFailedOptional Finishing
40 silly runTopLevelLifecycles Starting
41 silly runTopLevelLifecycles Finishing
42 silly install printInstalled
43 verbose stack Error: No compatible version found: bootstrap-sass@^4.0.0
43 verbose stack Valid install targets:
43 verbose stack 3.3.6, 3.3.5, 3.3.4, 3.3.3, 3.3.2, 3.3.1, 3.3.0, 3.2.0, 3.1.1, 2.3.2
43 verbose stack
43 verbose stack     at pickVersionFromRegistryDocument (/usr/lib/node_modules/npm/lib/fetch-package-metadata.js:156:16)
43 verbose stack     at /usr/lib/node_modules/npm/node_modules/iferr/index.js:13:50
43 verbose stack     at /usr/lib/node_modules/npm/lib/utils/pulse-till-done.js:19:8
43 verbose stack     at saved (/usr/lib/node_modules/npm/lib/cache/caching-client.js:168:7)
43 verbose stack     at /usr/lib/node_modules/npm/node_modules/graceful-fs/polyfills.js:210:7
43 verbose stack     at FSReqWrap.oncomplete (fs.js:82:15)
44 verbose cwd /home/vagrant/Code/laravel-v5.2.15
45 error Linux 3.19.0-25-generic
46 error argv "/usr/bin/nodejs" "/usr/bin/npm" "install"
47 error node v5.10.1
48 error npm  v3.8.3
49 error No compatible version found: bootstrap-sass@^4.0.0
49 error Valid install targets:
49 error 3.3.6, 3.3.5, 3.3.4, 3.3.3, 3.3.2, 3.3.1, 3.3.0, 3.2.0, 3.1.1, 2.3.2
50 error If you need help, you may report this error at:
50 error     <https://github.com/npm/npm/issues>
51 verbose exit [ 1, true ]
